2020-08-19 01:02:58,788 INFO o.a.j.u.JMeterUtils: Setting Locale to en_EN
2020-08-19 01:02:58,830 INFO o.a.j.JMeter: Loading user properties from: /opt/apache-jmeter-5.2.1/bin/user.properties
2020-08-19 01:02:58,832 INFO o.a.j.JMeter: Loading system properties from: /opt/apache-jmeter-5.2.1/bin/system.properties
2020-08-19 01:02:58,843 INFO o.a.j.JMeter: Copyright (c) 1998-2019 The Apache Software Foundation
2020-08-19 01:02:58,844 INFO o.a.j.JMeter: Version 5.2.1
2020-08-19 01:02:58,846 INFO o.a.j.JMeter: java.version=1.8.0_212
2020-08-19 01:02:58,846 INFO o.a.j.JMeter: java.vm.name=OpenJDK 64-Bit Server VM
2020-08-19 01:02:58,847 INFO o.a.j.JMeter: os.name=Linux
2020-08-19 01:02:58,848 INFO o.a.j.JMeter: os.arch=amd64
2020-08-19 01:02:58,849 INFO o.a.j.JMeter: os.version=4.19.76-linuxkit
2020-08-19 01:02:58,850 INFO o.a.j.JMeter: file.encoding=UTF-8
2020-08-19 01:02:58,851 INFO o.a.j.JMeter: java.awt.headless=null
2020-08-19 01:02:58,852 INFO o.a.j.JMeter: Max memory     =1073741824
2020-08-19 01:02:58,853 INFO o.a.j.JMeter: Available Processors =2
2020-08-19 01:02:58,863 INFO o.a.j.JMeter: Default Locale=English (EN)
2020-08-19 01:02:58,864 INFO o.a.j.JMeter: JMeter  Locale=English (EN)
2020-08-19 01:02:58,871 INFO o.a.j.JMeter: JMeterHome=/opt/apache-jmeter-5.2.1
2020-08-19 01:02:58,872 INFO o.a.j.JMeter: user.dir  =/jmeter
2020-08-19 01:02:58,873 INFO o.a.j.JMeter: PWD       =/jmeter
2020-08-19 01:02:58,874 INFO o.a.j.JMeter: IP: 172.17.0.2 Name: 66867c86e057 FullName: 66867c86e057
2020-08-19 01:02:58,889 INFO o.a.j.s.FileServer: Default base='/jmeter'
2020-08-19 01:02:58,901 INFO o.a.j.s.FileServer: Set new base='/jmeter'
2020-08-19 01:02:59,204 INFO o.a.j.s.SaveService: Testplan (JMX) version: 2.2. Testlog (JTL) version: 2.2
2020-08-19 01:02:59,227 INFO o.a.j.s.SaveService: Using SaveService properties file encoding UTF-8
2020-08-19 01:02:59,240 INFO o.a.j.s.SaveService: Using SaveService properties version 5.0
2020-08-19 01:02:59,254 INFO o.a.j.s.SaveService: Loading file: T01_HomePageLoad.jmx
2020-08-19 01:02:59,331 INFO o.a.j.p.h.s.HTTPSamplerBase: Parser for text/html is org.apache.jmeter.protocol.http.parser.LagartoBasedHtmlParser
2020-08-19 01:02:59,332 INFO o.a.j.p.h.s.HTTPSamplerBase: Parser for application/xhtml+xml is org.apache.jmeter.protocol.http.parser.LagartoBasedHtmlParser
2020-08-19 01:02:59,334 INFO o.a.j.p.h.s.HTTPSamplerBase: Parser for application/xml is org.apache.jmeter.protocol.http.parser.LagartoBasedHtmlParser
2020-08-19 01:02:59,334 INFO o.a.j.p.h.s.HTTPSamplerBase: Parser for text/xml is org.apache.jmeter.protocol.http.parser.LagartoBasedHtmlParser
2020-08-19 01:02:59,335 INFO o.a.j.p.h.s.HTTPSamplerBase: Parser for text/vnd.wap.wml is org.apache.jmeter.protocol.http.parser.RegexpHTMLParser
2020-08-19 01:02:59,336 INFO o.a.j.p.h.s.HTTPSamplerBase: Parser for text/css is org.apache.jmeter.protocol.http.parser.CssParser
2020-08-19 01:02:59,417 INFO o.a.j.JMeter: Creating summariser <summary>
2020-08-19 01:02:59,430 INFO o.a.j.e.StandardJMeterEngine: Running the test!
2020-08-19 01:02:59,440 INFO o.a.j.s.SampleEvent: List of sample_variables: []
2020-08-19 01:02:59,445 INFO o.a.j.s.SampleEvent: List of sample_variables: []
2020-08-19 01:02:59,461 INFO o.a.j.e.u.CompoundVariable: Note: Function class names must contain the string: '.functions.'
2020-08-19 01:02:59,462 INFO o.a.j.e.u.CompoundVariable: Note: Function class names must not contain the string: '.gui.'
2020-08-19 01:03:01,123 INFO o.a.j.JMeter: Running test (1597798981123)
2020-08-19 01:03:01,254 INFO o.a.j.e.StandardJMeterEngine: Starting ThreadGroup: 1 : Thread Group
2020-08-19 01:03:01,255 INFO o.a.j.e.StandardJMeterEngine: Starting 5 threads for group Thread Group.
2020-08-19 01:03:01,256 INFO o.a.j.e.StandardJMeterEngine: Thread will continue on error
2020-08-19 01:03:01,256 INFO o.a.j.t.ThreadGroup: Starting thread group... number=1 threads=5 ramp-up=1 delayedStart=false
2020-08-19 01:03:01,272 INFO o.a.j.t.JMeterThread: Thread started: Thread Group 1-1
2020-08-19 01:03:01,292 INFO o.a.j.t.ThreadGroup: Started thread group number 1
2020-08-19 01:03:01,295 INFO o.a.j.e.StandardJMeterEngine: All thread groups have been started
2020-08-19 01:03:01,330 INFO o.a.j.p.h.s.HTTPHCAbstractImpl: Local host = 66867c86e057
2020-08-19 01:03:01,343 INFO o.a.j.p.h.s.HTTPHC4Impl: HTTP request retry count = 0
2020-08-19 01:03:01,347 INFO o.a.j.s.SampleResult: Note: Sample TimeStamps are START times
2020-08-19 01:03:01,347 INFO o.a.j.s.SampleResult: sampleresult.default.encoding is set to ISO-8859-1
2020-08-19 01:03:01,348 INFO o.a.j.s.SampleResult: sampleresult.useNanoTime=true
2020-08-19 01:03:01,349 INFO o.a.j.s.SampleResult: sampleresult.nanoThreadSleep=5000
2020-08-19 01:03:01,467 INFO o.a.j.t.JMeterThread: Thread started: Thread Group 1-2
2020-08-19 01:03:01,664 INFO o.a.j.t.JMeterThread: Thread started: Thread Group 1-3
2020-08-19 01:03:01,758 INFO o.a.j.r.Summariser: summary +      1 in 00:00:01 =    1.6/s Avg:   167 Min:   167 Max:   167 Err:     0 (0.00%) Active: 3 Started: 3 Finished: 0
2020-08-19 01:03:01,862 INFO o.a.j.t.JMeterThread: Thread started: Thread Group 1-4
2020-08-19 01:03:02,069 INFO o.a.j.t.JMeterThread: Thread started: Thread Group 1-5
2020-08-19 01:03:02,088 INFO o.a.j.t.JMeterThread: Thread is done: Thread Group 1-1
2020-08-19 01:03:02,090 INFO o.a.j.t.JMeterThread: Thread finished: Thread Group 1-1
2020-08-19 01:03:02,123 INFO o.a.j.t.JMeterThread: Thread is done: Thread Group 1-2
2020-08-19 01:03:02,124 INFO o.a.j.t.JMeterThread: Thread finished: Thread Group 1-2
2020-08-19 01:03:02,176 INFO o.a.j.t.JMeterThread: Thread is done: Thread Group 1-3
2020-08-19 01:03:02,178 INFO o.a.j.t.JMeterThread: Thread finished: Thread Group 1-3
2020-08-19 01:03:02,330 INFO o.a.j.t.JMeterThread: Thread is done: Thread Group 1-4
2020-08-19 01:03:02,331 INFO o.a.j.t.JMeterThread: Thread finished: Thread Group 1-4
2020-08-19 01:03:02,476 INFO o.a.j.t.JMeterThread: Thread is done: Thread Group 1-5
2020-08-19 01:03:02,477 INFO o.a.j.t.JMeterThread: Thread finished: Thread Group 1-5
2020-08-19 01:03:02,478 INFO o.a.j.e.StandardJMeterEngine: Notifying test listeners of end of test
2020-08-19 01:03:02,481 INFO o.a.j.r.Summariser: summary +     49 in 00:00:01 =   67.9/s Avg:    44 Min:    27 Max:   200 Err:     0 (0.00%) Active: 0 Started: 5 Finished: 5
2020-08-19 01:03:02,493 INFO o.a.j.r.Summariser: summary =     50 in 00:00:01 =   36.5/s Avg:    47 Min:    27 Max:   200 Err:     0 (0.00%)
